Building DAG of jobs...
Building DAG of jobs...
Using shell: /usr/local/bin/bash
Provided cluster nodes: 50
Job stats:
job                           count
--------------------------  -------
all                               1
cluster_array                     5
get_umap                          1
make_dummy_best_batch_file        1
make_dummy_nn_from_user           1
qc_raw                            1
scVI                              1
total                            11

Select jobs to execute...

[Wed Aug 14 15:10:18 2024]
rule qc_raw:
    input: /lustre/scratch126/humgen/projects/sc-eqtl-ibd/analysis/bradley_analysis/scripts/scRNAseq/Atlassing/tissues_combined/input_v7/adata_raw_input_all.h5ad
    output: results/all/objects/adata_PCAd.h5ad, results/all/tables/knee.txt
    jobid: 4
    reason: Missing output files: results/all/objects/adata_PCAd.h5ad, results/all/tables/knee.txt; Params have changed since last execution
    wildcards: tissue=all
    resources: mem_mb=1200000, disk_mb=1200000, disk_mib=1144410, tmpdir=<TBD>, threads=8, mem=1200000, queue=teramem, mem_mib=1200000

Submitted job 4 with external jobid 'Job <189393> is submitted to queue <teramem>.'.

[Wed Aug 14 15:10:20 2024]
rule make_dummy_nn_from_user:
    output: results/all/tables/optimum_nn.txt
    jobid: 6
    reason: Missing output files: results/all/tables/optimum_nn.txt
    wildcards: tissue=all
    resources: mem_mb=5000, disk_mb=5000, disk_mib=4769, tmpdir=<TBD>, threads=1, mem=5000, queue=normal, mem_mib=5000

Submitted job 6 with external jobid 'Job <189394> is submitted to queue <normal>.'.
[Wed Aug 14 15:10:47 2024]
Finished job 6.
1 of 11 steps (9%) done
