Job <34100212> is submitted to queue <long>.

------------------------------------------------------------
Sender: LSF System <lsfadmin@node-14-15>
Subject: Job 34100151: <snakemake_atlas> in cluster <farm5> Exited

Job <snakemake_atlas> was submitted from host <node-13-19> by user <bh18> in cluster <farm5> at Wed Sep 13 16:33:03 2023
Job was executed on host(s) <node-14-15>, in queue <long>, as user <bh18> in cluster <farm5> at Wed Sep 13 16:33:04 2023
</nfs/users/nfs_b/bh18> was used as the home directory.
</lustre/scratch126/humgen/projects/sc-eqtl-ibd/analysis/bradley_analysis/scripts/scRNAseq/Atlassing/workflow> was used as the working directory.
Started at Wed Sep 13 16:33:04 2023
Terminated at Wed Sep 13 16:33:30 2023
Results reported at Wed Sep 13 16:33:30 2023

Your job looked like:

------------------------------------------------------------
# LSBATCH: User input
#! /bin/bash
#BSUB -o logs/preprocessing-%J-output.log
#BSUB -e logs/preprocessing-%J-error.log 
#BSUB -q normal
#BSUB -G team152
#BSUB -n 1
#BSUB -M 10000
#BSUB -a "memlimit=True"
#BSUB -R "select[mem>10000] rusage[mem=10000] span[hosts=1]"

# Make sure am in snakemake environment
cd /lustre/scratch126/humgen/projects/sc-eqtl-ibd/analysis/bradley_analysis/scripts/scRNAseq/Atlassing/workflow
snakemake /lustre/scratch126/humgen/projects/sc-eqtl-ibd/analysis/bradley_analysis/results/rectum/healthy/All_not_gt_subset/figures/embedding_param_sweep/umap500nn_2_min_dist_3_spread.pdf --cores 1
# bsub -o submit_logs/atlas-%J-output.log -e submit_logs/atlas-%J-error.log -q long -J "snakemake_atlas" < snakemake_atlas_submit.sh

------------------------------------------------------------

Exited with exit code 1.

Resource usage summary:

    CPU time :                                   0.98 sec.
    Max Memory :                                 33 MB
    Average Memory :                             16.50 MB
    Total Requested Memory :                     10000.00 MB
    Delta Memory :                               9967.00 MB
    Max Swap :                                   -
    Max Processes :                              4
    Max Threads :                                5
    Run time :                                   26 sec.
    Turnaround time :                            27 sec.

The output (if any) is above this job summary.



PS:

Read file <submit_logs/atlas-34100151-error.log> for stderr output of this job.

