Building DAG of jobs...
Job stats:
job                 count
----------------  -------
preprocess_batch        1
umap_param_sweep        1
total                   2


[Wed Sep 13 16:09:56 2023]
rule preprocess_batch:
    input: /lustre/scratch126/humgen/projects/sc-eqtl-ibd/analysis/bradley_analysis/proc_data/2023_09_rectum/adata.h5ad, ../atlassing_rectum_submit.sh
    output: /lustre/scratch126/humgen/projects/sc-eqtl-ibd/analysis/bradley_analysis/results/rectum/healthy/All_not_gt_subset/objects/adata_PCAd_scvid.h5ad
    jobid: 1
    reason: Updated input files: ../atlassing_rectum_submit.sh, /lustre/scratch126/humgen/projects/sc-eqtl-ibd/analysis/bradley_analysis/proc_data/2023_09_rectum/adata.h5ad
    resources: tmpdir=/tmp


        bsub -o ../logs/rectum_atlassing01-%J-output.log -e ../logs/rectum_atlassing01-%J-error.log -q long -J rectum_atlassing01 < ../atlassing_rectum_submit.sh
        

[Wed Sep 13 16:09:56 2023]
rule umap_param_sweep:
    input: /lustre/scratch126/humgen/projects/sc-eqtl-ibd/analysis/bradley_analysis/results/rectum/healthy/All_not_gt_subset/objects/adata_PCAd_scvid.h5ad, ../param_sweep_submit.sh
    output: /lustre/scratch126/humgen/projects/sc-eqtl-ibd/analysis/bradley_analysis/results/rectum/healthy/All_not_gt_subset/figures/embedding_param_sweep/umap500nn_2_min_dist_3_spread.pdf
    jobid: 0
    reason: Input files updated by another job: /lustre/scratch126/humgen/projects/sc-eqtl-ibd/analysis/bradley_analysis/results/rectum/healthy/All_not_gt_subset/objects/adata_PCAd_scvid.h5ad
    resources: tmpdir=/tmp


        bsub -o ../logs/param_sweep-%J-output.log -e ../logs/param_sweep-%J-error.log -q long -J param_sweep < ../param_sweep_submit.sh
        
Job stats:
job                 count
----------------  -------
preprocess_batch        1
umap_param_sweep        1
total                   2

Reasons:
    (check individual jobs above for details)
    input files updated by another job:
        umap_param_sweep
    updated input files:
        preprocess_batch

This was a dry-run (flag -n). The order of jobs does not reflect the order of execution.

------------------------------------------------------------
Sender: LSF System <lsfadmin@node-13-22>
Subject: Job 34098540: <snakemake_atlas> in cluster <farm5> Done

Job <snakemake_atlas> was submitted from host <node-13-19> by user <bh18> in cluster <farm5> at Wed Sep 13 16:09:52 2023
Job was executed on host(s) <node-13-22>, in queue <long>, as user <bh18> in cluster <farm5> at Wed Sep 13 16:09:53 2023
</nfs/users/nfs_b/bh18> was used as the home directory.
</lustre/scratch126/humgen/projects/sc-eqtl-ibd/analysis/bradley_analysis/scripts/scRNAseq/Atlassing/workflow> was used as the working directory.
Started at Wed Sep 13 16:09:53 2023
Terminated at Wed Sep 13 16:09:56 2023
Results reported at Wed Sep 13 16:09:56 2023

Your job looked like:

------------------------------------------------------------
# LSBATCH: User input
#! /bin/bash
#BSUB -o logs/preprocessing-%J-output.log
#BSUB -e logs/preprocessing-%J-error.log 
#BSUB -q normal
#BSUB -G team152
#BSUB -n 1
#BSUB -M 10000
#BSUB -a "memlimit=True"
#BSUB -R "select[mem>10000] rusage[mem=10000] span[hosts=1]"

# Make sure am in snakemake environment
cd /lustre/scratch126/humgen/projects/sc-eqtl-ibd/analysis/bradley_analysis/scripts/scRNAseq/Atlassing/workflow
snakemake --use-conda -np /lustre/scratch126/humgen/projects/sc-eqtl-ibd/analysis/bradley_analysis/results/rectum/healthy/All_not_gt_subset/figures/embedding_param_sweep/umap500nn_2_min_dist_3_spread.pdf --cores 1
# bsub -o submit_logs/atlas-%J-output.log -e submit_logs/atlas-%J-error.log -q long -J "snakemake_atlas" < snakemake_atlas_submit.sh

------------------------------------------------------------

Successfully completed.

Resource usage summary:

    CPU time :                                   0.51 sec.
    Max Memory :                                 24 MB
    Average Memory :                             24.00 MB
    Total Requested Memory :                     10000.00 MB
    Delta Memory :                               9976.00 MB
    Max Swap :                                   -
    Max Processes :                              4
    Max Threads :                                5
    Run time :                                   3 sec.
    Turnaround time :                            4 sec.

The output (if any) is above this job summary.



PS:

Read file <submit_logs/atlas-34098540-error.log> for stderr output of this job.

