Job <34099641> is submitted to queue <long>.

------------------------------------------------------------
Sender: LSF System <lsfadmin@node-14-20>
Subject: Job 34099631: <snakemake_atlas> in cluster <farm5> Exited

Job <snakemake_atlas> was submitted from host <node-13-19> by user <bh18> in cluster <farm5> at Wed Sep 13 16:25:50 2023
Job was executed on host(s) <node-14-20>, in queue <long>, as user <bh18> in cluster <farm5> at Wed Sep 13 16:25:50 2023
</nfs/users/nfs_b/bh18> was used as the home directory.
</lustre/scratch126/humgen/projects/sc-eqtl-ibd/analysis/bradley_analysis/scripts/scRNAseq/Atlassing/workflow> was used as the working directory.
Started at Wed Sep 13 16:25:50 2023
Terminated at Wed Sep 13 16:25:59 2023
Results reported at Wed Sep 13 16:25:59 2023

Your job looked like:

------------------------------------------------------------
# LSBATCH: User input
#! /bin/bash
#BSUB -o logs/preprocessing-%J-output.log
#BSUB -e logs/preprocessing-%J-error.log 
#BSUB -q normal
#BSUB -G team152
#BSUB -n 1
#BSUB -M 10000
#BSUB -a "memlimit=True"
#BSUB -R "select[mem>10000] rusage[mem=10000] span[hosts=1]"

# Make sure am in snakemake environment
cd /lustre/scratch126/humgen/projects/sc-eqtl-ibd/analysis/bradley_analysis/scripts/scRNAseq/Atlassing/workflow
snakemake --use-conda /lustre/scratch126/humgen/projects/sc-eqtl-ibd/analysis/bradley_analysis/results/rectum/healthy/All_not_gt_subset/figures/embedding_param_sweep/umap500nn_2_min_dist_3_spread.pdf --cores 1
# bsub -o submit_logs/atlas-%J-output.log -e submit_logs/atlas-%J-error.log -q long -J "snakemake_atlas" < snakemake_atlas_submit.sh

------------------------------------------------------------

Exited with exit code 1.

Resource usage summary:

    CPU time :                                   1.31 sec.
    Max Memory :                                 60 MB
    Average Memory :                             33.25 MB
    Total Requested Memory :                     10000.00 MB
    Delta Memory :                               9940.00 MB
    Max Swap :                                   -
    Max Processes :                              7
    Max Threads :                                8
    Run time :                                   9 sec.
    Turnaround time :                            9 sec.

The output (if any) is above this job summary.



PS:

Read file <submit_logs/atlas-34099631-error.log> for stderr output of this job.

