1
The option for NN is
20
Running python script
Loaded libraries
/lustre/scratch126/humgen/projects/sc-eqtl-ibd/analysis/bradley_analysis/scripts/scRNAseq/Atlassing
/lustre/scratch126/humgen/projects/sc-eqtl-ibd/analysis/bradley_analysis/results
The number of NN for this analysis is 20
NN file exists, so loading this in
Loaded NN file
Computing UMAP for Min_dist=0.1, spread=0.1
Computed UMAP
Plotted UMAP
Computing UMAP for Min_dist=0.1, spread=0.5
Computed UMAP
Plotted UMAP
Computing UMAP for Min_dist=0.1, spread=1

------------------------------------------------------------
Sender: LSF System <lsfadmin@node-12-2-1>
Subject: Job 35171394[1]: <rectum_param_sweep[1-9]> in cluster <farm5> Exited

Job <rectum_param_sweep[1-9]> was submitted from host <node-12-8-2> by user <bh18> in cluster <farm5> at Tue Sep 26 15:13:22 2023
Job was executed on host(s) <4*node-12-2-1>, in queue <long>, as user <bh18> in cluster <farm5> at Tue Sep 26 15:33:26 2023
</nfs/users/nfs_b/bh18> was used as the home directory.
</lustre/scratch126/humgen/projects/sc-eqtl-ibd/analysis/bradley_analysis/scripts/scRNAseq/Atlassing> was used as the working directory.
Started at Tue Sep 26 15:33:26 2023
Terminated at Tue Sep 26 15:59:37 2023
Results reported at Tue Sep 26 15:59:37 2023

Your job looked like:

------------------------------------------------------------
# LSBATCH: User input
#! /bin/bash
#BSUB -o logs/preprocessing-%J-output.log
#BSUB -e logs/preprocessing-%J-error.log 
#BSUB -q normal
#BSUB -G team152
#BSUB -n 4
#BSUB -M 300000
#BSUB -a "memlimit=True"
#BSUB -R "select[mem>300000] rusage[mem=300000] span[hosts=1]"
#BSUB -J 9

# Define option
cd /lustre/scratch126/humgen/projects/sc-eqtl-ibd/analysis/bradley_analysis/scripts/scRNAseq/Atlassing
echo $LSB_JOBINDEX

# For the sweep of parameters
NN_list=../../../params_lists/NN_opt.txt
NN_opt=$(head $NN_list -n ${LSB_JOBINDEX} | tail -n 1)
echo "The option for NN is"
echo $NN_opt
echo "Running python script"
python rectum_embedding_param_sweep.py $NN_opt
#bsub -o logs/preprocessing-%J-%I-output.log -e logs/preprocessing-%J-%I-error.log -q long -J "rectum_param_sweep[1-9]" < param_sweep_submit.sh 

------------------------------------------------------------

TERM_OWNER: job killed by owner.
Exited with exit code 130.

Resource usage summary:

    CPU time :                                   2801.64 sec.
    Max Memory :                                 77211 MB
    Average Memory :                             73866.36 MB
    Total Requested Memory :                     300000.00 MB
    Delta Memory :                               222789.00 MB
    Max Swap :                                   -
    Max Processes :                              4
    Max Threads :                                18
    Run time :                                   1572 sec.
    Turnaround time :                            2775 sec.

The output (if any) is above this job summary.



PS:

Read file <logs/preprocessing-35171394-1-error.log> for stderr output of this job.

