8
The option for NN is
450
Running python script

------------------------------------------------------------
Sender: LSF System <lsfadmin@node-13-25>
Subject: Job 34603045[8]: <rectum_param_sweep[1-9]> in cluster <farm5> Exited

Job <rectum_param_sweep[1-9]> was submitted from host <farm5-head2> by user <bh18> in cluster <farm5> at Mon Sep 18 09:13:13 2023
Job was executed on host(s) <4*node-13-25>, in queue <long>, as user <bh18> in cluster <farm5> at Mon Sep 18 09:13:19 2023
</nfs/users/nfs_b/bh18> was used as the home directory.
</lustre/scratch126/humgen/projects/sc-eqtl-ibd/analysis/bradley_analysis/scripts/scRNAseq/Atlassing> was used as the working directory.
Started at Mon Sep 18 09:13:19 2023
Terminated at Mon Sep 18 09:13:22 2023
Results reported at Mon Sep 18 09:13:22 2023

Your job looked like:

------------------------------------------------------------
# LSBATCH: User input
#! /bin/bash
#BSUB -o logs/preprocessing-%J-output.log
#BSUB -e logs/preprocessing-%J-error.log 
#BSUB -q normal
#BSUB -G team152
#BSUB -n 4
#BSUB -M 300000
#BSUB -a "memlimit=True"
#BSUB -R "select[mem>300000] rusage[mem=300000] span[hosts=1]"
#BSUB -J 9

# Define option
cd /lustre/scratch126/humgen/projects/sc-eqtl-ibd/analysis/bradley_analysis/scripts/scRNAseq/Atlassing
echo $LSB_JOBINDEX

# For the sweep of parameters
NN_list=../../../params_lists/NN_opt.txt
NN_opt=$(head $NN_list -n ${LSB_JOBINDEX} | tail -n 1)
echo "The option for NN is"
echo $NN_opt
echo "Running python script"
python rectum_embedding_param_sweep.py $NN_opt
#bsub -o logs/preprocessing-%J-%I-output.log -e logs/preprocessing-%J-%I-error.log -q long -J "rectum_param_sweep[1-9]" < param_sweep_submit.sh 

------------------------------------------------------------

Exited with exit code 1.

Resource usage summary:

    CPU time :                                   1.04 sec.
    Max Memory :                                 -
    Average Memory :                             -
    Total Requested Memory :                     300000.00 MB
    Delta Memory :                               -
    Max Swap :                                   -
    Max Processes :                              1
    Max Threads :                                1
    Run time :                                   4 sec.
    Turnaround time :                            9 sec.

The output (if any) is above this job summary.



PS:

Read file <logs/preprocessing-34603045-8-error.log> for stderr output of this job.

