Global seed set to 0
/software/team152/bh18/conda_envs/sc4/lib/python3.9/site-packages/flax/struct.py:132: FutureWarning: jax.tree_util.register_keypaths is deprecated, and will be removed in a future release. Please use `register_pytree_with_keys()` instead.
  jax.tree_util.register_keypaths(data_clz, keypaths)
/software/team152/bh18/conda_envs/sc4/lib/python3.9/site-packages/flax/struct.py:132: FutureWarning: jax.tree_util.register_keypaths is deprecated, and will be removed in a future release. Please use `register_pytree_with_keys()` instead.
  jax.tree_util.register_keypaths(data_clz, keypaths)
/software/team152/bh18/conda_envs/sc4/lib/python3.9/site-packages/umap/distances.py:1063: NumbaDeprecationWarning: [1mThe 'nopython' keyword argument was not supplied to the 'numba.jit' decorator. The implicit default value for this argument is currently False, but it will be changed to True in Numba 0.59.0. See https://numba.readthedocs.io/en/stable/reference/deprecation.html#deprecation-of-object-mode-fall-back-behaviour-when-using-jit for details.[0m
  @numba.jit()
/software/team152/bh18/conda_envs/sc4/lib/python3.9/site-packages/umap/distances.py:1071: NumbaDeprecationWarning: [1mThe 'nopython' keyword argument was not supplied to the 'numba.jit' decorator. The implicit default value for this argument is currently False, but it will be changed to True in Numba 0.59.0. See https://numba.readthedocs.io/en/stable/reference/deprecation.html#deprecation-of-object-mode-fall-back-behaviour-when-using-jit for details.[0m
  @numba.jit()
/software/team152/bh18/conda_envs/sc4/lib/python3.9/site-packages/umap/distances.py:1086: NumbaDeprecationWarning: [1mThe 'nopython' keyword argument was not supplied to the 'numba.jit' decorator. The implicit default value for this argument is currently False, but it will be changed to True in Numba 0.59.0. See https://numba.readthedocs.io/en/stable/reference/deprecation.html#deprecation-of-object-mode-fall-back-behaviour-when-using-jit for details.[0m
  @numba.jit()
/software/team152/bh18/conda_envs/sc4/lib/python3.9/site-packages/umap/umap_.py:660: NumbaDeprecationWarning: [1mThe 'nopython' keyword argument was not supplied to the 'numba.jit' decorator. The implicit default value for this argument is currently False, but it will be changed to True in Numba 0.59.0. See https://numba.readthedocs.io/en/stable/reference/deprecation.html#deprecation-of-object-mode-fall-back-behaviour-when-using-jit for details.[0m
  @numba.jit()
/software/team152/bh18/conda_envs/sc4/lib/python3.9/site-packages/umap/umap_.py:1356: RuntimeWarning: divide by zero encountered in power
  return 1.0 / (1.0 + a * x ** (2 * b))
/software/team152/bh18/conda_envs/sc4/lib/python3.9/site-packages/scanpy/plotting/_tools/scatterplots.py:392: UserWarning: No data for colormapping provided via 'c'. Parameters 'cmap' will be ignored
  cax = scatter(
WARNING: saving figure to file rectum/healthy/All_not_gt_subset/figures/embedding_param_sweep/umap450nn_0.1_min_dist_0.1_spread.pdf
/software/team152/bh18/conda_envs/sc4/lib/python3.9/site-packages/scanpy/plotting/_utils.py:314: UserWarning: Matplotlib is currently using agg, which is a non-GUI backend, so cannot show the figure.
  pl.show()
/software/team152/bh18/conda_envs/sc4/lib/python3.9/site-packages/scanpy/plotting/_tools/scatterplots.py:392: UserWarning: No data for colormapping provided via 'c'. Parameters 'cmap' will be ignored
  cax = scatter(
WARNING: saving figure to file rectum/healthy/All_not_gt_subset/figures/embedding_param_sweep/umap450nn_0.1_min_dist_0.5_spread.pdf
/software/team152/bh18/conda_envs/sc4/lib/python3.9/site-packages/scanpy/plotting/_utils.py:314: UserWarning: Matplotlib is currently using agg, which is a non-GUI backend, so cannot show the figure.
  pl.show()
/software/team152/bh18/conda_envs/sc4/lib/python3.9/site-packages/scanpy/plotting/_tools/scatterplots.py:392: UserWarning: No data for colormapping provided via 'c'. Parameters 'cmap' will be ignored
  cax = scatter(
WARNING: saving figure to file rectum/healthy/All_not_gt_subset/figures/embedding_param_sweep/umap450nn_0.1_min_dist_1_spread.pdf
/software/team152/bh18/conda_envs/sc4/lib/python3.9/site-packages/scanpy/plotting/_utils.py:314: UserWarning: Matplotlib is currently using agg, which is a non-GUI backend, so cannot show the figure.
  pl.show()
/software/team152/bh18/conda_envs/sc4/lib/python3.9/site-packages/scanpy/plotting/_tools/scatterplots.py:392: UserWarning: No data for colormapping provided via 'c'. Parameters 'cmap' will be ignored
  cax = scatter(
WARNING: saving figure to file rectum/healthy/All_not_gt_subset/figures/embedding_param_sweep/umap450nn_0.1_min_dist_2_spread.pdf
/software/team152/bh18/conda_envs/sc4/lib/python3.9/site-packages/scanpy/plotting/_utils.py:314: UserWarning: Matplotlib is currently using agg, which is a non-GUI backend, so cannot show the figure.
  pl.show()
/software/team152/bh18/conda_envs/sc4/lib/python3.9/site-packages/scanpy/plotting/_tools/scatterplots.py:392: UserWarning: No data for colormapping provided via 'c'. Parameters 'cmap' will be ignored
  cax = scatter(
WARNING: saving figure to file rectum/healthy/All_not_gt_subset/figures/embedding_param_sweep/umap450nn_0.1_min_dist_3_spread.pdf
/software/team152/bh18/conda_envs/sc4/lib/python3.9/site-packages/scanpy/plotting/_utils.py:314: UserWarning: Matplotlib is currently using agg, which is a non-GUI backend, so cannot show the figure.
  pl.show()
/software/team152/bh18/conda_envs/sc4/lib/python3.9/site-packages/scipy/optimize/_minpack_py.py:1010: OptimizeWarning: Covariance of the parameters could not be estimated
  warnings.warn('Covariance of the parameters could not be estimated',
/software/team152/bh18/conda_envs/sc4/lib/python3.9/site-packages/scanpy/plotting/_tools/scatterplots.py:392: UserWarning: No data for colormapping provided via 'c'. Parameters 'cmap' will be ignored
  cax = scatter(
WARNING: saving figure to file rectum/healthy/All_not_gt_subset/figures/embedding_param_sweep/umap450nn_0.3_min_dist_0.1_spread.pdf
/software/team152/bh18/conda_envs/sc4/lib/python3.9/site-packages/scanpy/plotting/_utils.py:314: UserWarning: Matplotlib is currently using agg, which is a non-GUI backend, so cannot show the figure.
  pl.show()
/software/team152/bh18/conda_envs/sc4/lib/python3.9/site-packages/scanpy/plotting/_tools/scatterplots.py:392: UserWarning: No data for colormapping provided via 'c'. Parameters 'cmap' will be ignored
  cax = scatter(
WARNING: saving figure to file rectum/healthy/All_not_gt_subset/figures/embedding_param_sweep/umap450nn_0.3_min_dist_0.5_spread.pdf
/software/team152/bh18/conda_envs/sc4/lib/python3.9/site-packages/scanpy/plotting/_utils.py:314: UserWarning: Matplotlib is currently using agg, which is a non-GUI backend, so cannot show the figure.
  pl.show()
/software/team152/bh18/conda_envs/sc4/lib/python3.9/site-packages/scanpy/plotting/_tools/scatterplots.py:392: UserWarning: No data for colormapping provided via 'c'. Parameters 'cmap' will be ignored
  cax = scatter(
WARNING: saving figure to file rectum/healthy/All_not_gt_subset/figures/embedding_param_sweep/umap450nn_0.3_min_dist_1_spread.pdf
/software/team152/bh18/conda_envs/sc4/lib/python3.9/site-packages/scanpy/plotting/_utils.py:314: UserWarning: Matplotlib is currently using agg, which is a non-GUI backend, so cannot show the figure.
  pl.show()
/software/team152/bh18/conda_envs/sc4/lib/python3.9/site-packages/scanpy/plotting/_tools/scatterplots.py:392: UserWarning: No data for colormapping provided via 'c'. Parameters 'cmap' will be ignored
  cax = scatter(
WARNING: saving figure to file rectum/healthy/All_not_gt_subset/figures/embedding_param_sweep/umap450nn_0.3_min_dist_2_spread.pdf
/software/team152/bh18/conda_envs/sc4/lib/python3.9/site-packages/scanpy/plotting/_utils.py:314: UserWarning: Matplotlib is currently using agg, which is a non-GUI backend, so cannot show the figure.
  pl.show()
/software/team152/bh18/conda_envs/sc4/lib/python3.9/site-packages/scanpy/plotting/_tools/scatterplots.py:392: UserWarning: No data for colormapping provided via 'c'. Parameters 'cmap' will be ignored
  cax = scatter(
WARNING: saving figure to file rectum/healthy/All_not_gt_subset/figures/embedding_param_sweep/umap450nn_0.3_min_dist_3_spread.pdf
/software/team152/bh18/conda_envs/sc4/lib/python3.9/site-packages/scanpy/plotting/_utils.py:314: UserWarning: Matplotlib is currently using agg, which is a non-GUI backend, so cannot show the figure.
  pl.show()
/software/team152/bh18/conda_envs/sc4/lib/python3.9/site-packages/scipy/optimize/_minpack_py.py:1010: OptimizeWarning: Covariance of the parameters could not be estimated
  warnings.warn('Covariance of the parameters could not be estimated',
/software/team152/bh18/conda_envs/sc4/lib/python3.9/site-packages/scanpy/plotting/_tools/scatterplots.py:392: UserWarning: No data for colormapping provided via 'c'. Parameters 'cmap' will be ignored
  cax = scatter(
WARNING: saving figure to file rectum/healthy/All_not_gt_subset/figures/embedding_param_sweep/umap450nn_0.5_min_dist_0.1_spread.pdf
/software/team152/bh18/conda_envs/sc4/lib/python3.9/site-packages/scanpy/plotting/_utils.py:314: UserWarning: Matplotlib is currently using agg, which is a non-GUI backend, so cannot show the figure.
  pl.show()
/software/team152/bh18/conda_envs/sc4/lib/python3.9/site-packages/scanpy/plotting/_tools/scatterplots.py:392: UserWarning: No data for colormapping provided via 'c'. Parameters 'cmap' will be ignored
  cax = scatter(
WARNING: saving figure to file rectum/healthy/All_not_gt_subset/figures/embedding_param_sweep/umap450nn_0.5_min_dist_0.5_spread.pdf
/software/team152/bh18/conda_envs/sc4/lib/python3.9/site-packages/scanpy/plotting/_utils.py:314: UserWarning: Matplotlib is currently using agg, which is a non-GUI backend, so cannot show the figure.
  pl.show()
/software/team152/bh18/conda_envs/sc4/lib/python3.9/site-packages/scanpy/plotting/_tools/scatterplots.py:392: UserWarning: No data for colormapping provided via 'c'. Parameters 'cmap' will be ignored
  cax = scatter(
WARNING: saving figure to file rectum/healthy/All_not_gt_subset/figures/embedding_param_sweep/umap450nn_0.5_min_dist_1_spread.pdf
/software/team152/bh18/conda_envs/sc4/lib/python3.9/site-packages/scanpy/plotting/_utils.py:314: UserWarning: Matplotlib is currently using agg, which is a non-GUI backend, so cannot show the figure.
  pl.show()
