/lustre/scratch126/humgen/projects/sc-eqtl-ibd/analysis/bradley_analysis/scripts/scRNAseq/Atlassing
/lustre/scratch126/humgen/projects/sc-eqtl-ibd/analysis/bradley_analysis/results
['/lustre/scratch126/humgen/projects/sc-eqtl-ibd/analysis/bradley_analysis/scripts/scRNAseq/Atlassing', '/usr/lib/python2.7', '/usr/lib/python2.7/plat-x86_64-linux-gnu', '/usr/lib/python2.7/lib-tk', '/usr/lib/python2.7/lib-old', '/usr/lib/python2.7/lib-dynload', '/usr/local/lib/python2.7/dist-packages', '/usr/lib/python2.7/dist-packages']
/usr/lib/python2.7/dist-packages/numpy/__init__.pyc

------------------------------------------------------------
Sender: LSF System <lsfadmin@node-12-2-4>
Subject: Job 34691818: <rectum_atlassing01> in cluster <farm5> Exited

Job <rectum_atlassing01> was submitted from host <farm5-head2> by user <bh18> in cluster <farm5> at Tue Sep 19 16:04:41 2023
Job was executed on host(s) <4*node-12-2-4>, in queue <long>, as user <bh18> in cluster <farm5> at Tue Sep 19 16:11:16 2023
</nfs/users/nfs_b/bh18> was used as the home directory.
</lustre/scratch126/humgen/projects/sc-eqtl-ibd/analysis/bradley_analysis/scripts/scRNAseq/Atlassing> was used as the working directory.
Started at Tue Sep 19 16:11:16 2023
Terminated at Tue Sep 19 16:11:18 2023
Results reported at Tue Sep 19 16:11:18 2023

Your job looked like:

------------------------------------------------------------
# LSBATCH: User input
#! /bin/bash
#BSUB -o logs/preprocessing-%J-output.log
#BSUB -e logs/preprocessing-%J-error.log 
#BSUB -q normal
#BSUB -G team152
#BSUB -n 4
#BSUB -M 300000
#BSUB -a "memlimit=True"
#BSUB -R "select[mem>300000] rusage[mem=300000] span[hosts=1]"
#BSUB -J 9

# Define option
cd /lustre/scratch126/humgen/projects/sc-eqtl-ibd/analysis/bradley_analysis

## FOR THE ATLASSING OF THE RECTUM (#BSUB -M 200000)
# This is done on the 'All_not_gt_subset' data
# Use the sc4 environment
cd scripts/scRNAseq/Atlassing/
python atlassing_rectum_all_samples.py
# bsub -o logs/rectum_atlassing01-%J-output.log -e logs/rectum_atlassing01-%J-error.log -q long -J "rectum_atlassing01" < atlassing_rectum_submit.sh 


------------------------------------------------------------

Exited with exit code 1.

Resource usage summary:

    CPU time :                                   0.14 sec.
    Max Memory :                                 -
    Average Memory :                             -
    Total Requested Memory :                     300000.00 MB
    Delta Memory :                               -
    Max Swap :                                   -
    Max Processes :                              -
    Max Threads :                                -
    Run time :                                   2 sec.
    Turnaround time :                            397 sec.

The output (if any) is above this job summary.



PS:

Read file <logs/rectum_atlassing01-34691818-error.log> for stderr output of this job.

