/lustre/scratch126/humgen/projects/sc-eqtl-ibd/analysis/bradley_analysis/scripts/scRNAseq/Atlassing
/lustre/scratch126/humgen/projects/sc-eqtl-ibd/analysis/bradley_analysis/results
['/lustre/scratch126/humgen/projects/sc-eqtl-ibd/analysis/bradley_analysis/scripts/scRNAseq/Atlassing', '/lustre/scratch126/humgen/projects/sc-eqtl-ibd/analysis/bradley_analysis/conda_envs/sc4/lib/python39.zip', '/lustre/scratch126/humgen/projects/sc-eqtl-ibd/analysis/bradley_analysis/conda_envs/sc4/lib/python3.9', '/lustre/scratch126/humgen/projects/sc-eqtl-ibd/analysis/bradley_analysis/conda_envs/sc4/lib/python3.9/lib-dynload', '/lustre/scratch126/humgen/projects/sc-eqtl-ibd/analysis/bradley_analysis/conda_envs/sc4/lib/python3.9/site-packages']
/lustre/scratch126/humgen/projects/sc-eqtl-ibd/analysis/bradley_analysis/conda_envs/sc4/lib/python3.9/site-packages/numpy/__init__.py
Loaded libraries
scanpy==1.9.3 anndata==0.9.2 umap==0.5.3 numpy==1.24.4 scipy==1.11.1 pandas==1.5.3 scikit-learn==1.3.0 statsmodels==0.14.0 python-igraph==0.10.6 pynndescent==0.5.10
Loaded the data
[1.]
[3388.]
The number of cells initially included is 752404
The number of cells with >1 count in  569404
99.29372
The MAD of the remaining cells is:14.356348037719727
Using the median + 2.5*mad=63.07360553741455, leaving us with 514284 cells
The number of lost B Cell plasma cells lost at a cut off of 50 MT% is 34080(9271499.367578061%)
The number of cells that remain after filtration is 472974
Knee:  12
Elbow:  12
The number of PCs used for this analysis is 17
Training:   0%|          | 0/17 [00:00<?, ?it/s]Epoch 1/17:   0%|          | 0/17 [00:00<?, ?it/s]Epoch 1/17:   6%|▌         | 1/17 [1:26:36<23:05:43, 5196.47s/it]Epoch 1/17:   6%|▌         | 1/17 [1:26:36<23:05:43, 5196.47s/it, loss=7.52e+03, v_num=1]Epoch 2/17:   6%|▌         | 1/17 [1:26:36<23:05:43, 5196.47s/it, loss=7.52e+03, v_num=1]