/lustre/scratch126/humgen/projects/sc-eqtl-ibd/analysis/bradley_analysis/scripts/scRNAseq/Atlassing
/lustre/scratch126/humgen/projects/sc-eqtl-ibd/analysis/bradley_analysis/results
['/lustre/scratch126/humgen/projects/sc-eqtl-ibd/analysis/bradley_analysis/scripts/scRNAseq/Atlassing', '/lustre/scratch126/humgen/projects/sc-eqtl-ibd/analysis/bradley_analysis/conda_envs/snakemake-tutorial/lib/python310.zip', '/lustre/scratch126/humgen/projects/sc-eqtl-ibd/analysis/bradley_analysis/conda_envs/snakemake-tutorial/lib/python3.10', '/lustre/scratch126/humgen/projects/sc-eqtl-ibd/analysis/bradley_analysis/conda_envs/snakemake-tutorial/lib/python3.10/lib-dynload', '/lustre/scratch126/humgen/projects/sc-eqtl-ibd/analysis/bradley_analysis/conda_envs/snakemake-tutorial/lib/python3.10/site-packages']
/lustre/scratch126/humgen/projects/sc-eqtl-ibd/analysis/bradley_analysis/conda_envs/snakemake-tutorial/lib/python3.10/site-packages/numpy/__init__.py

------------------------------------------------------------
Sender: LSF System <lsfadmin@node-14-08>
Subject: Job 34100212: <rectum_atlassing01> in cluster <farm5> Exited

Job <rectum_atlassing01> was submitted from host <node-14-15> by user <bh18> in cluster <farm5> at Wed Sep 13 16:33:23 2023
Job was executed on host(s) <4*node-14-08>, in queue <long>, as user <bh18> in cluster <farm5> at Wed Sep 13 16:33:23 2023
</nfs/users/nfs_b/bh18> was used as the home directory.
</lustre/scratch126/humgen/projects/sc-eqtl-ibd/analysis/bradley_analysis/scripts/scRNAseq/Atlassing/workflow> was used as the working directory.
Started at Wed Sep 13 16:33:23 2023
Terminated at Wed Sep 13 16:33:25 2023
Results reported at Wed Sep 13 16:33:25 2023

Your job looked like:

------------------------------------------------------------
# LSBATCH: User input
#! /bin/bash
#BSUB -o logs/preprocessing-%J-output.log
#BSUB -e logs/preprocessing-%J-error.log 
#BSUB -q normal
#BSUB -G team152
#BSUB -n 4
#BSUB -M 300000
#BSUB -a "memlimit=True"
#BSUB -R "select[mem>300000] rusage[mem=300000] span[hosts=1]"
#BSUB -J 9

# Define option
cd /lustre/scratch126/humgen/projects/sc-eqtl-ibd/analysis/bradley_analysis

## FOR THE ATLASSING OF THE RECTUM (#BSUB -M 200000)
# This is done on the 'All_not_gt_subset' data
# Use the sc4 environment
cd scripts/scRNAseq/Atlassing/
python atlassing_rectum_all_samples.py "All_not_gt_subset"
# bsub -o logs/rectum_atlassing01-%J-output.log -e logs/rectum_atlassing01-%J-error.log -q long -J "rectum_atlassing01" < atlassing_rectum_submit.sh 


------------------------------------------------------------

Exited with exit code 1.

Resource usage summary:

    CPU time :                                   0.25 sec.
    Max Memory :                                 20 MB
    Average Memory :                             20.00 MB
    Total Requested Memory :                     300000.00 MB
    Delta Memory :                               299980.00 MB
    Max Swap :                                   -
    Max Processes :                              4
    Max Threads :                                5
    Run time :                                   1 sec.
    Turnaround time :                            2 sec.

The output (if any) is above this job summary.



PS:

Read file <../logs/rectum_atlassing01-34100212-error.log> for stderr output of this job.

