/lustre/scratch126/humgen/projects/sc-eqtl-ibd/analysis/bradley_analysis/scripts/scRNAseq/Atlassing
/lustre/scratch126/humgen/projects/sc-eqtl-ibd/analysis/bradley_analysis/results
['/lustre/scratch126/humgen/projects/sc-eqtl-ibd/analysis/bradley_analysis/scripts/scRNAseq/Atlassing', '/lustre/scratch126/humgen/projects/sc-eqtl-ibd/analysis/bradley_analysis/conda_envs/sc4/lib/python39.zip', '/lustre/scratch126/humgen/projects/sc-eqtl-ibd/analysis/bradley_analysis/conda_envs/sc4/lib/python3.9', '/lustre/scratch126/humgen/projects/sc-eqtl-ibd/analysis/bradley_analysis/conda_envs/sc4/lib/python3.9/lib-dynload', '/lustre/scratch126/humgen/projects/sc-eqtl-ibd/analysis/bradley_analysis/conda_envs/sc4/lib/python3.9/site-packages']
/lustre/scratch126/humgen/projects/sc-eqtl-ibd/analysis/bradley_analysis/conda_envs/sc4/lib/python3.9/site-packages/numpy/__init__.py
Loaded libraries
scanpy==1.9.3 anndata==0.9.2 umap==0.5.3 numpy==1.24.4 scipy==1.11.1 pandas==1.5.3 scikit-learn==1.3.0 statsmodels==0.14.0 python-igraph==0.10.6 pynndescent==0.5.10
Loaded the data
[1.]
[3388.]
The number of cells initially included is 752404
The number of cells with >1 count in  569404
99.29372
The MAD of the remaining cells is:14.356348037719727
Using the median + 2.5*mad=63.07360553741455, leaving us with 514284 cells
The number of lost B Cell plasma cells lost at a cut off of 50 MT% is 34080(9271499.367578061%)
The number of cells that remain after filtration is 472974

------------------------------------------------------------
Sender: LSF System <lsfadmin@node-14-22>
Subject: Job 34090955: <rectum_atlassing01> in cluster <farm5> Exited

Job <rectum_atlassing01> was submitted from host <farm5-head1> by user <bh18> in cluster <farm5> at Wed Sep 13 14:24:49 2023
Job was executed on host(s) <4*node-14-22>, in queue <long>, as user <bh18> in cluster <farm5> at Wed Sep 13 14:24:50 2023
</nfs/users/nfs_b/bh18> was used as the home directory.
</lustre/scratch126/humgen/projects/sc-eqtl-ibd/analysis/bradley_analysis/scripts/scRNAseq/Atlassing> was used as the working directory.
Started at Wed Sep 13 14:24:50 2023
Terminated at Wed Sep 13 14:36:24 2023
Results reported at Wed Sep 13 14:36:24 2023

Your job looked like:

------------------------------------------------------------
# LSBATCH: User input
#! /bin/bash
#BSUB -o logs/preprocessing-%J-output.log
#BSUB -e logs/preprocessing-%J-error.log 
#BSUB -q normal
#BSUB -G team152
#BSUB -n 4
#BSUB -M 200000
#BSUB -a "memlimit=True"
#BSUB -R "select[mem>200000] rusage[mem=200000] span[hosts=1]"
#BSUB -J 9

# Define option
cd /lustre/scratch126/humgen/projects/sc-eqtl-ibd/analysis/bradley_analysis

## FOR THE ATLASSING OF THE RECTUM (#BSUB -M 200000)
# This is done on the 'All_not_gt_subset' data
# Use the sc4 environment
cd scripts/scRNAseq/Atlassing/
python atlassing_rectum_all_samples.py "All_not_gt_subset"
# bsub -o logs/rectum_atlassing01-%J-output.log -e logs/rectum_atlassing01-%J-error.log -q long -J "rectum_atlassing01" < atlassing_rectum_submit.sh 


------------------------------------------------------------

TERM_MEMLIMIT: job killed after reaching LSF memory usage limit.
Exited with exit code 143.

Resource usage summary:

    CPU time :                                   698.00 sec.
    Max Memory :                                 216070 MB
    Average Memory :                             81758.65 MB
    Total Requested Memory :                     200000.00 MB
    Delta Memory :                               -16070.00 MB
    Max Swap :                                   -
    Max Processes :                              4
    Max Threads :                                17
    Run time :                                   693 sec.
    Turnaround time :                            695 sec.

The output (if any) is above this job summary.



PS:

Read file <logs/rectum_atlassing01-34090955-error.log> for stderr output of this job.

