
------------------------------------------------------------
Sender: LSF System <lsfadmin@node-13-22>
Subject: Job 34089614: <rectum_atlassing01> in cluster <farm5> Exited

Job <rectum_atlassing01> was submitted from host <farm5-head1> by user <bh18> in cluster <farm5> at Wed Sep 13 13:54:33 2023
Job was executed on host(s) <4*node-13-22>, in queue <long>, as user <bh18> in cluster <farm5> at Wed Sep 13 14:12:10 2023
</nfs/users/nfs_b/bh18> was used as the home directory.
</lustre/scratch126/humgen/projects/sc-eqtl-ibd/analysis/bradley_analysis/scripts/scRNAseq/Atlassing> was used as the working directory.
Started at Wed Sep 13 14:12:10 2023
Terminated at Wed Sep 13 14:12:21 2023
Results reported at Wed Sep 13 14:12:21 2023

Your job looked like:

------------------------------------------------------------
# LSBATCH: User input
#! /bin/bash
#BSUB -o logs/preprocessing-%J-output.log
#BSUB -e logs/preprocessing-%J-error.log 
#BSUB -q normal
#BSUB -G team152
#BSUB -n 4
#BSUB -M 200000
#BSUB -a "memlimit=True"
#BSUB -R "select[mem>200000] rusage[mem=200000] span[hosts=1]"
#BSUB -J 9

# Define option
cd /lustre/scratch126/humgen/projects/sc-eqtl-ibd/analysis/bradley_analysis

## FOR THE ATLASSING OF THE RECTUM (#BSUB -M 200000)
# This is done on the 'All_not_gt_subset' data
# Use the sc4 environment
cd scripts/scRNAseq
python atlassing_rectum_all_samples.py "All_not_gt_subset"
# bsub -o logs/rectum_atlassing01-%J-output.log -e logs/rectum_atlassing01-%J-error.log -q long -J "rectum_atlassing01" < atlassing_rectum_submit.sh 


------------------------------------------------------------

Exited with exit code 2.

Resource usage summary:

    CPU time :                                   0.15 sec.
    Max Memory :                                 -
    Average Memory :                             -
    Total Requested Memory :                     200000.00 MB
    Delta Memory :                               -
    Max Swap :                                   -
    Max Processes :                              -
    Max Threads :                                -
    Run time :                                   10 sec.
    Turnaround time :                            1068 sec.

The output (if any) is above this job summary.



PS:

Read file <logs/rectum_atlassing01-34089614-error.log> for stderr output of this job.

